<?xml version="1.0" encoding="UTF-8"?>
<!-- Generated by org.testng.reporters.JUnitReportReporter -->
<testsuite skipped="0" hostname="localhost.localdomain" name="com.thiago.teste.GoogleSearchTest" tests="2" failures="0" timestamp="18 Apr 2020 19:09:14 GMT" time="10.917" errors="0">
  <testcase name="google1" time="4.647" classname="com.thiago.teste.GoogleSearchTest"/>
  <testcase name="google0" time="6.270" classname="com.thiago.teste.GoogleSearchTest"/>
</testsuite> <!-- com.thiago.teste.GoogleSearchTest -->
